<?xml version="1.0" encoding="UTF-8"?>
<!-- Generated by org.testng.reporters.JUnitXMLReporter -->
<testsuite hostname="2298416712-PC" ignored="0" name="sm910" tests="5" failures="0" timestamp="2022-08-30T16:49:51 EDT" time="91.717" errors="0">
  <testcase name="scenario" time="10.399" classname="com.qa.runners.RunnerBase"/>
  <testcase name="scenario" time="8.314" classname="com.qa.runners.RunnerBase"/>
  <testcase name="scenario" time="11.271" classname="com.qa.runners.RunnerBase"/>
  <testcase name="scenario" time="5.463" classname="com.qa.runners.RunnerBase"/>
  <testcase name="scenario" time="13.513" classname="com.qa.runners.RunnerBase"/>
</testsuite> <!-- sm910 -->
