<?xml version="1.0" encoding="UTF-8"?>
<!-- Generated by org.testng.reporters.JUnitXMLReporter -->
<testsuite hostname="79fd11b94491" ignored="0" name="sony" tests="5" failures="0" timestamp="2022-09-05T17:13:59 UTC" time="87.719" errors="0">
  <testcase name="scenario" time="10.707" classname="com.qa.runners.RunnerBase"/>
  <testcase name="scenario" time="8.045" classname="com.qa.runners.RunnerBase"/>
  <testcase name="scenario" time="9.465" classname="com.qa.runners.RunnerBase"/>
  <testcase name="scenario" time="3.659" classname="com.qa.runners.RunnerBase"/>
  <testcase name="scenario" time="8.58" classname="com.qa.runners.RunnerBase"/>
</testsuite> <!-- sony -->
