<?xml version="1.0" encoding="UTF-8"?>
<!-- Generated by org.testng.reporters.JUnitXMLReporter -->
<testsuite hostname="2298416712-PC" ignored="0" name="sony" tests="5" failures="0" timestamp="2022-08-31T20:31:52 EDT" time="73.252" errors="0">
  <testcase name="scenario" time="9.317" classname="com.qa.runners.RunnerBase"/>
  <testcase name="scenario" time="8.815" classname="com.qa.runners.RunnerBase"/>
  <testcase name="scenario" time="9.93" classname="com.qa.runners.RunnerBase"/>
  <testcase name="scenario" time="4.877" classname="com.qa.runners.RunnerBase"/>
  <testcase name="scenario" time="9.909" classname="com.qa.runners.RunnerBase"/>
</testsuite> <!-- sony -->
