<?xml version="1.0" encoding="UTF-8"?>
<testng-results skipped="0" failed="0" ignored="0" total="5" passed="5">
  <reporter-output>
  </reporter-output>
  <suite name="Suite" duration-ms="73252" started-at="2022-08-31T20:30:39 EDT" finished-at="2022-08-31T20:31:52 EDT">
    <groups>
      <group name="cucumber">
        <method signature="RunnerBase.scenario(io.cucumber.testng.PickleWrapper,io.cucumber.testng.FeatureWrapper)[pri:0, instance:com.qa.runners.SonyTestNGRunnerTest@7d70d1b1]" name="scenario" class="com.qa.runners.RunnerBase"/>
      </group> <!-- cucumber -->
    </groups>
    <test name="sony" duration-ms="73252" started-at="2022-08-31T20:30:39 EDT" finished-at="2022-08-31T20:31:52 EDT">
      <class name="com.qa.runners.SonyTestNGRunnerTest">
        <test-method status="PASS" signature="setUpClass(java.lang.String,java.lang.String,java.lang.String,java.lang.String,java.lang.String,java.lang.String,java.lang.String)[pri:0, instance:com.qa.runners.SonyTestNGRunnerTest@7d70d1b1]" name="setUpClass" is-config="true" duration-ms="27566" started-at="2022-08-31T20:30:39 EDT" finished-at="2022-08-31T20:31:06 EDT">
          <params>
            <param index="0">
              <value>
                <![CDATA[Android]]>
              </value>
            </param>
            <param index="1">
              <value>
                <![CDATA[CB5A29JXTK]]>
              </value>
            </param>
            <param index="2">
              <value>
                <![CDATA[sony]]>
              </value>
            </param>
            <param index="3">
              <value>
                <![CDATA[10000]]>
              </value>
            </param>
            <param index="4">
              <value>
                <![CDATA[11000]]>
              </value>
            </param>
            <param index="5">
              <value>
                <![CDATA[iOS]]>
              </value>
            </param>
            <param index="6">
              <value>
                <![CDATA[iOS]]>
              </value>
            </param>
          </params>
          <reporter-output>
          </reporter-output>
        </test-method> <!-- setUpClass -->
        <test-method status="PASS" signature="scenario(io.cucumber.testng.PickleWrapper,io.cucumber.testng.FeatureWrapper)[pri:0, instance:com.qa.runners.SonyTestNGRunnerTest@7d70d1b1]" name="scenario" duration-ms="9317" started-at="2022-08-31T20:31:06 EDT" description="Runs Cucumber Scenarios" data-provider="scenarios" finished-at="2022-08-31T20:31:16 EDT">
          <params>
            <param index="0">
              <value>
                <![CDATA["Login with invalid user name"]]>
              </value>
            </param>
            <param index="1">
              <value>
                <![CDATA["Optional[Login scenarios]"]]>
              </value>
            </param>
          </params>
          <reporter-output>
          </reporter-output>
        </test-method> <!-- scenario -->
        <test-method status="PASS" signature="scenario(io.cucumber.testng.PickleWrapper,io.cucumber.testng.FeatureWrapper)[pri:0, instance:com.qa.runners.SonyTestNGRunnerTest@7d70d1b1]" name="scenario" duration-ms="8815" started-at="2022-08-31T20:31:16 EDT" description="Runs Cucumber Scenarios" data-provider="scenarios" finished-at="2022-08-31T20:31:25 EDT">
          <params>
            <param index="0">
              <value>
                <![CDATA["Login with invalid password"]]>
              </value>
            </param>
            <param index="1">
              <value>
                <![CDATA["Optional[Login scenarios]"]]>
              </value>
            </param>
          </params>
          <reporter-output>
          </reporter-output>
        </test-method> <!-- scenario -->
        <test-method status="PASS" signature="scenario(io.cucumber.testng.PickleWrapper,io.cucumber.testng.FeatureWrapper)[pri:0, instance:com.qa.runners.SonyTestNGRunnerTest@7d70d1b1]" name="scenario" duration-ms="9930" started-at="2022-08-31T20:31:25 EDT" description="Runs Cucumber Scenarios" data-provider="scenarios" finished-at="2022-08-31T20:31:34 EDT">
          <params>
            <param index="0">
              <value>
                <![CDATA["Login with valid user name and password"]]>
              </value>
            </param>
            <param index="1">
              <value>
                <![CDATA["Optional[Login scenarios]"]]>
              </value>
            </param>
          </params>
          <reporter-output>
          </reporter-output>
        </test-method> <!-- scenario -->
        <test-method status="PASS" signature="scenario(io.cucumber.testng.PickleWrapper,io.cucumber.testng.FeatureWrapper)[pri:0, instance:com.qa.runners.SonyTestNGRunnerTest@7d70d1b1]" name="scenario" duration-ms="4877" started-at="2022-08-31T20:31:34 EDT" description="Runs Cucumber Scenarios" data-provider="scenarios" finished-at="2022-08-31T20:31:39 EDT">
          <params>
            <param index="0">
              <value>
                <![CDATA["Validate product into on Products page"]]>
              </value>
            </param>
            <param index="1">
              <value>
                <![CDATA["Optional[Product scenarios]"]]>
              </value>
            </param>
          </params>
          <reporter-output>
          </reporter-output>
        </test-method> <!-- scenario -->
        <test-method status="PASS" signature="scenario(io.cucumber.testng.PickleWrapper,io.cucumber.testng.FeatureWrapper)[pri:0, instance:com.qa.runners.SonyTestNGRunnerTest@7d70d1b1]" name="scenario" duration-ms="9909" started-at="2022-08-31T20:31:39 EDT" description="Runs Cucumber Scenarios" data-provider="scenarios" finished-at="2022-08-31T20:31:49 EDT">
          <params>
            <param index="0">
              <value>
                <![CDATA["Validate product into on Products Details page"]]>
              </value>
            </param>
            <param index="1">
              <value>
                <![CDATA["Optional[Product scenarios]"]]>
              </value>
            </param>
          </params>
          <reporter-output>
          </reporter-output>
        </test-method> <!-- scenario -->
        <test-method status="PASS" signature="tearDownClass()[pri:0, instance:com.qa.runners.SonyTestNGRunnerTest@7d70d1b1]" name="tearDownClass" is-config="true" duration-ms="2788" started-at="2022-08-31T20:31:49 EDT" finished-at="2022-08-31T20:31:52 EDT">
          <reporter-output>
          </reporter-output>
        </test-method> <!-- tearDownClass -->
      </class> <!-- com.qa.runners.SonyTestNGRunnerTest -->
    </test> <!-- sony -->
  </suite> <!-- Suite -->
</testng-results>
